[debug] [2021-04-24T16:34:51.543Z] ----------------------------------------------------------------------
[debug] [2021-04-24T16:34:51.545Z] Command:       C:\Program Files\nodejs\node.exe C:\Users\piyush\AppData\Roaming\npm\node_modules\firebase-tools\lib\bin\firebase.js emulators:start
[debug] [2021-04-24T16:34:51.545Z] CLI Version:   9.10.0
[debug] [2021-04-24T16:34:51.546Z] Platform:      win32
[debug] [2021-04-24T16:34:51.546Z] Node Version:  v14.15.0
[debug] [2021-04-24T16:34:51.547Z] Time:          Sat Apr 24 2021 22:04:51 GMT+0530 (India Standard Time)
[debug] [2021-04-24T16:34:51.547Z] ----------------------------------------------------------------------
[debug] 
[debug] [2021-04-24T16:34:51.561Z] > command requires scopes: ["email","openid","https://www.googleapis.com/auth/cloudplatformprojects.readonly","https://www.googleapis.com/auth/firebase","https://www.googleapis.com/auth/cloud-platform"]
[debug] [2021-04-24T16:34:51.561Z] > authorizing via signed-in user (gargpiyush03@gmail.com)
[info] i  emulators: Starting emulators: functions, hosting {"metadata":{"emulator":{"name":"hub"},"message":"Starting emulators: functions, hosting"}}
[debug] [2021-04-24T16:34:51.617Z] [hub] writing locator at C:\Users\piyush\AppData\Local\Temp\hub-clone-3c328.json
[warn] !  functions: The following emulators are not running, calls to these services from the Functions emulator will affect production: auth, firestore, database, pubsub {"metadata":{"emulator":{"name":"functions"},"message":"The following emulators are not running, calls to these services from the Functions emulator will affect production: \u001b[1mauth, firestore, database, pubsub\u001b[22m"}}
[warn] !  Your requested "node" version "12" doesn't match your global version "14" {"metadata":{"emulator":{"name":"functions"},"message":"Your requested \"node\" version \"12\" doesn't match your global version \"14\""}}
[debug] [2021-04-24T16:34:51.651Z] defaultcredentials: writing to file C:\Users\piyush\AppData\Roaming\firebase\gargpiyush03_gmail_com_application_default_credentials.json
[debug] [2021-04-24T16:34:51.655Z] Setting GAC to C:\Users\piyush\AppData\Roaming\firebase\gargpiyush03_gmail_com_application_default_credentials.json {"metadata":{"emulator":{"name":"functions"},"message":"Setting GAC to C:\\Users\\piyush\\AppData\\Roaming\\firebase\\gargpiyush03_gmail_com_application_default_credentials.json"}}
[debug] [2021-04-24T16:34:51.658Z] > refreshing access token with scopes: []
[debug] [2021-04-24T16:34:51.658Z] >>> HTTP REQUEST POST https://www.googleapis.com/oauth2/v3/token  
 <request body omitted>
[debug] [2021-04-24T16:34:51.847Z] <<< HTTP RESPONSE 200 {"pragma":"no-cache","date":"Sat, 24 Apr 2021 16:34:52 GMT","cache-control":"no-cache, no-store, max-age=0, must-revalidate","expires":"Mon, 01 Jan 1990 00:00:00 GMT","content-type":"application/json; charset=utf-8","vary":"X-Origin, Referer, Origin,Accept-Encoding","server":"scaffolding on HTTPServer2","x-xss-protection":"0","x-frame-options":"SAMEORIGIN","x-content-type-options":"nosniff","alt-svc":"h3-29=\":443\"; ma=2592000,h3-T051=\":443\"; ma=2592000,h3-Q050=\":443\"; ma=2592000,h3-Q046=\":443\"; ma=2592000,h3-Q043=\":443\"; ma=2592000,quic=\":443\"; ma=2592000; v=\"46,43\"","accept-ranges":"none","transfer-encoding":"chunked"}
[debug] [2021-04-24T16:34:51.863Z] >>> [apiv2][query] GET https://firebase.googleapis.com/v1beta1/projects/clone-3c328/adminSdkConfig [none]
[debug] [2021-04-24T16:34:52.396Z] <<< [apiv2][status] GET https://firebase.googleapis.com/v1beta1/projects/clone-3c328/adminSdkConfig 200
[debug] [2021-04-24T16:34:52.396Z] <<< [apiv2][body] GET https://firebase.googleapis.com/v1beta1/projects/clone-3c328/adminSdkConfig {"projectId":"clone-3c328","storageBucket":"clone-3c328.appspot.com","locationId":"us-central"}
[debug] [2021-04-24T16:34:52.413Z] >>> [apiv2][query] GET https://firebase.googleapis.com/v1beta1/projects/clone-3c328/webApps/-/config [none]
[debug] [2021-04-24T16:34:53.734Z] <<< [apiv2][status] GET https://firebase.googleapis.com/v1beta1/projects/clone-3c328/webApps/-/config 200
[debug] [2021-04-24T16:34:53.734Z] <<< [apiv2][body] GET https://firebase.googleapis.com/v1beta1/projects/clone-3c328/webApps/-/config {"projectId":"clone-3c328","appId":"1:490517758804:web:7cf1ae5aea866e2eb07ec1","storageBucket":"clone-3c328.appspot.com","locationId":"us-central","apiKey":"AIzaSyAvCt-G9Of0mZeqwuGeRdZRo6lH7xzkKmw","authDomain":"clone-3c328.firebaseapp.com","messagingSenderId":"490517758804","measurementId":"G-5Q2479E8VY"}
[info] i  hosting: Serving hosting files from: build {"metadata":{"emulator":{"name":"hosting"},"message":"Serving hosting files from: \u001b[1mbuild\u001b[22m"}}
[info] +  hosting: Local server: http://localhost:5000 {"metadata":{"emulator":{"name":"hosting"},"message":"Local server: \u001b[4m\u001b[1mhttp://localhost:5000\u001b[22m\u001b[24m"}}
[warn] !  ui: Emulator UI unable to start on port 4000, starting on 4001 instead. {"metadata":{"emulator":{"name":"ui"},"message":"Emulator UI unable to start on port 4000, starting on 4001 instead."}}
[debug] [2021-04-24T16:34:53.803Z] Ignoring unsupported arg: auto_download {"metadata":{"emulator":{"name":"ui"},"message":"Ignoring unsupported arg: auto_download"}}
[debug] [2021-04-24T16:34:53.803Z] Ignoring unsupported arg: port {"metadata":{"emulator":{"name":"ui"},"message":"Ignoring unsupported arg: port"}}
[debug] [2021-04-24T16:34:53.804Z] Starting Emulator UI with command {"binary":"node","args":["C:\\Users\\piyush\\.cache\\firebase\\emulators\\ui-v1.4.2\\server.bundle.js"],"optionalArgs":[],"joinArgs":false} {"metadata":{"emulator":{"name":"ui"},"message":"Starting Emulator UI with command {\"binary\":\"node\",\"args\":[\"C:\\\\Users\\\\piyush\\\\.cache\\\\firebase\\\\emulators\\\\ui-v1.4.2\\\\server.bundle.js\"],\"optionalArgs\":[],\"joinArgs\":false}"}}
[info] i  ui: Emulator UI logging to ui-debug.log {"metadata":{"emulator":{"name":"ui"},"message":"Emulator UI logging to \u001b[1mui-debug.log\u001b[22m"}}
[debug] [2021-04-24T16:34:54.624Z] Web / API server started at http://localhost:4001
 {"metadata":{"emulator":{"name":"ui"},"message":"Web / API server started at http://localhost:4001\n"}}
[info] i  functions: Watching "C:\Users\piyush\Documents\Code\Amazon Clone\client\functions" for Cloud Functions... {"metadata":{"emulator":{"name":"functions"},"message":"Watching \"C:\\Users\\piyush\\Documents\\Code\\Amazon Clone\\client\\functions\" for Cloud Functions..."}}
[debug] [2021-04-24T16:34:55.431Z] [worker-pool] addWorker(~diagnostic~) {"metadata":{"emulator":{"name":"functions"},"message":"[worker-pool] addWorker(~diagnostic~)"}}
[debug] [2021-04-24T16:34:55.431Z] [worker-pool] Adding worker with key ~diagnostic~, total=1 {"metadata":{"emulator":{"name":"functions"},"message":"[worker-pool] Adding worker with key ~diagnostic~, total=1"}}
[debug] [2021-04-24T16:34:55.432Z] [worker-pool] submitWork(triggerId=) {"metadata":{"emulator":{"name":"functions"},"message":"[worker-pool] submitWork(triggerId=)"}}
[debug] [2021-04-24T16:34:55.432Z] [worker-~diagnostic~-1294cf0e-12be-43ba-ae64-79ec3f958714]: Assigning socketPath: \\?\pipe\C:\Users\piyush\Documents\Code\Amazon Clone\client\functions\11816 {"metadata":{"emulator":{"name":"functions"},"message":"[worker-~diagnostic~-1294cf0e-12be-43ba-ae64-79ec3f958714]: Assigning socketPath: \\\\?\\pipe\\C:\\Users\\piyush\\Documents\\Code\\Amazon Clone\\client\\functions\\11816"}}
[debug] [2021-04-24T16:34:55.433Z] [worker-~diagnostic~-1294cf0e-12be-43ba-ae64-79ec3f958714]: BUSY {"metadata":{"emulator":{"name":"functions"},"message":"[worker-~diagnostic~-1294cf0e-12be-43ba-ae64-79ec3f958714]: BUSY"}}
[debug] [2021-04-24T16:34:55.710Z] [runtime-status] [11816] Functions runtime initialized. {"cwd":"C:\\Users\\piyush\\Documents\\Code\\Amazon Clone\\client\\functions","node_version":"14.15.0"} {"metadata":{"emulator":{"name":"functions"},"message":"[runtime-status] [11816] Functions runtime initialized. {\"cwd\":\"C:\\\\Users\\\\piyush\\\\Documents\\\\Code\\\\Amazon Clone\\\\client\\\\functions\",\"node_version\":\"14.15.0\"}"}}
[debug] [2021-04-24T16:34:55.711Z] [runtime-status] [11816] Disabled runtime features: undefined {"metadata":{"emulator":{"name":"functions"},"message":"[runtime-status] [11816] Disabled runtime features: undefined"}}
[debug] [2021-04-24T16:34:55.714Z] [runtime-status] [11816] Resolved module firebase-admin {"declared":true,"installed":true,"version":"9.6.0","resolution":"C:\\Users\\piyush\\Documents\\Code\\Amazon Clone\\client\\functions\\node_modules\\firebase-admin\\lib\\index.js"} {"metadata":{"emulator":{"name":"functions"},"message":"[runtime-status] [11816] Resolved module firebase-admin {\"declared\":true,\"installed\":true,\"version\":\"9.6.0\",\"resolution\":\"C:\\\\Users\\\\piyush\\\\Documents\\\\Code\\\\Amazon Clone\\\\client\\\\functions\\\\node_modules\\\\firebase-admin\\\\lib\\\\index.js\"}"}}
[debug] [2021-04-24T16:34:55.716Z] [runtime-status] [11816] Resolved module firebase-functions {"declared":true,"installed":true,"version":"3.13.2","resolution":"C:\\Users\\piyush\\Documents\\Code\\Amazon Clone\\client\\functions\\node_modules\\firebase-functions\\lib\\index.js"} {"metadata":{"emulator":{"name":"functions"},"message":"[runtime-status] [11816] Resolved module firebase-functions {\"declared\":true,\"installed\":true,\"version\":\"3.13.2\",\"resolution\":\"C:\\\\Users\\\\piyush\\\\Documents\\\\Code\\\\Amazon Clone\\\\client\\\\functions\\\\node_modules\\\\firebase-functions\\\\lib\\\\index.js\"}"}}
[debug] [2021-04-24T16:34:55.719Z] [runtime-status] [11816] Resolved module firebase-functions {"declared":true,"installed":true,"version":"3.13.2","resolution":"C:\\Users\\piyush\\Documents\\Code\\Amazon Clone\\client\\functions\\node_modules\\firebase-functions\\lib\\index.js"} {"metadata":{"emulator":{"name":"functions"},"message":"[runtime-status] [11816] Resolved module firebase-functions {\"declared\":true,\"installed\":true,\"version\":\"3.13.2\",\"resolution\":\"C:\\\\Users\\\\piyush\\\\Documents\\\\Code\\\\Amazon Clone\\\\client\\\\functions\\\\node_modules\\\\firebase-functions\\\\lib\\\\index.js\"}"}}
[debug] [2021-04-24T16:34:55.721Z] [runtime-status] [11816] Outgoing network have been stubbed. [{"name":"http","status":"mocked"},{"name":"http","status":"mocked"},{"name":"https","status":"mocked"},{"name":"https","status":"mocked"},{"name":"net","status":"mocked"}] {"metadata":{"emulator":{"name":"functions"},"message":"[runtime-status] [11816] Outgoing network have been stubbed. [{\"name\":\"http\",\"status\":\"mocked\"},{\"name\":\"http\",\"status\":\"mocked\"},{\"name\":\"https\",\"status\":\"mocked\"},{\"name\":\"https\",\"status\":\"mocked\"},{\"name\":\"net\",\"status\":\"mocked\"}]"}}
[debug] [2021-04-24T16:34:55.722Z] [runtime-status] [11816] Resolved module firebase-functions {"declared":true,"installed":true,"version":"3.13.2","resolution":"C:\\Users\\piyush\\Documents\\Code\\Amazon Clone\\client\\functions\\node_modules\\firebase-functions\\lib\\index.js"} {"metadata":{"emulator":{"name":"functions"},"message":"[runtime-status] [11816] Resolved module firebase-functions {\"declared\":true,\"installed\":true,\"version\":\"3.13.2\",\"resolution\":\"C:\\\\Users\\\\piyush\\\\Documents\\\\Code\\\\Amazon Clone\\\\client\\\\functions\\\\node_modules\\\\firebase-functions\\\\lib\\\\index.js\"}"}}
[debug] [2021-04-24T16:34:55.771Z] [runtime-status] [11816] Checked functions.config() {"config":{}} {"metadata":{"emulator":{"name":"functions"},"message":"[runtime-status] [11816] Checked functions.config() {\"config\":{}}"}}
[debug] [2021-04-24T16:34:55.772Z] [runtime-status] [11816] firebase-functions has been stubbed. {"functionsResolution":{"declared":true,"installed":true,"version":"3.13.2","resolution":"C:\\Users\\piyush\\Documents\\Code\\Amazon Clone\\client\\functions\\node_modules\\firebase-functions\\lib\\index.js"}} {"metadata":{"emulator":{"name":"functions"},"message":"[runtime-status] [11816] firebase-functions has been stubbed. {\"functionsResolution\":{\"declared\":true,\"installed\":true,\"version\":\"3.13.2\",\"resolution\":\"C:\\\\Users\\\\piyush\\\\Documents\\\\Code\\\\Amazon Clone\\\\client\\\\functions\\\\node_modules\\\\firebase-functions\\\\lib\\\\index.js\"}}"}}
[debug] [2021-04-24T16:34:55.772Z] [runtime-status] [11816] Resolved module firebase-functions {"declared":true,"installed":true,"version":"3.13.2","resolution":"C:\\Users\\piyush\\Documents\\Code\\Amazon Clone\\client\\functions\\node_modules\\firebase-functions\\lib\\index.js"} {"metadata":{"emulator":{"name":"functions"},"message":"[runtime-status] [11816] Resolved module firebase-functions {\"declared\":true,\"installed\":true,\"version\":\"3.13.2\",\"resolution\":\"C:\\\\Users\\\\piyush\\\\Documents\\\\Code\\\\Amazon Clone\\\\client\\\\functions\\\\node_modules\\\\firebase-functions\\\\lib\\\\index.js\"}"}}
[debug] [2021-04-24T16:34:55.773Z] [runtime-status] [11816] Resolved module firebase-admin {"declared":true,"installed":true,"version":"9.6.0","resolution":"C:\\Users\\piyush\\Documents\\Code\\Amazon Clone\\client\\functions\\node_modules\\firebase-admin\\lib\\index.js"} {"metadata":{"emulator":{"name":"functions"},"message":"[runtime-status] [11816] Resolved module firebase-admin {\"declared\":true,\"installed\":true,\"version\":\"9.6.0\",\"resolution\":\"C:\\\\Users\\\\piyush\\\\Documents\\\\Code\\\\Amazon Clone\\\\client\\\\functions\\\\node_modules\\\\firebase-admin\\\\lib\\\\index.js\"}"}}
[debug] [2021-04-24T16:34:55.774Z] [runtime-status] [11816] Resolved module firebase-functions {"declared":true,"installed":true,"version":"3.13.2","resolution":"C:\\Users\\piyush\\Documents\\Code\\Amazon Clone\\client\\functions\\node_modules\\firebase-functions\\lib\\index.js"} {"metadata":{"emulator":{"name":"functions"},"message":"[runtime-status] [11816] Resolved module firebase-functions {\"declared\":true,\"installed\":true,\"version\":\"3.13.2\",\"resolution\":\"C:\\\\Users\\\\piyush\\\\Documents\\\\Code\\\\Amazon Clone\\\\client\\\\functions\\\\node_modules\\\\firebase-functions\\\\lib\\\\index.js\"}"}}
[debug] [2021-04-24T16:34:55.774Z] [runtime-status] [11816] firebase-admin has been stubbed. {"adminResolution":{"declared":true,"installed":true,"version":"9.6.0","resolution":"C:\\Users\\piyush\\Documents\\Code\\Amazon Clone\\client\\functions\\node_modules\\firebase-admin\\lib\\index.js"}} {"metadata":{"emulator":{"name":"functions"},"message":"[runtime-status] [11816] firebase-admin has been stubbed. {\"adminResolution\":{\"declared\":true,\"installed\":true,\"version\":\"9.6.0\",\"resolution\":\"C:\\\\Users\\\\piyush\\\\Documents\\\\Code\\\\Amazon Clone\\\\client\\\\functions\\\\node_modules\\\\firebase-admin\\\\lib\\\\index.js\"}}"}}
[info] +  functions[api]: http function initialized (http://localhost:5001/clone-3c328/us-central1/api). {"metadata":{"emulator":{"name":"functions"},"message":"\u001b[1mhttp\u001b[22m function initialized (http://localhost:5001/clone-3c328/us-central1/api)."}}
[info] 
┌─────────────────────────────────────────────────────────────┐
│ ✔  All emulators ready! It is now safe to connect your app. │
│ i  View Emulator UI at http://localhost:4001                │
└─────────────────────────────────────────────────────────────┘

┌───────────┬────────────────┬─────────────────────────────────┐
│ Emulator  │ Host:Port      │ View in Emulator UI             │
├───────────┼────────────────┼─────────────────────────────────┤
│ Functions │ localhost:5001 │ http://localhost:4001/functions │
├───────────┼────────────────┼─────────────────────────────────┤
│ Hosting   │ localhost:5000 │ n/a                             │
└───────────┴────────────────┴─────────────────────────────────┘
  Emulator Hub running at localhost:4400
  Other reserved ports: 4500

Issues? Report them at https://github.com/firebase/firebase-tools/issues and attach the *-debug.log files.
 
[debug] [2021-04-24T16:34:55.975Z] [worker-~diagnostic~-1294cf0e-12be-43ba-ae64-79ec3f958714]: IDLE {"metadata":{"emulator":{"name":"functions"},"message":"[worker-~diagnostic~-1294cf0e-12be-43ba-ae64-79ec3f958714]: IDLE"}}
[debug] [2021-04-24T16:40:18.952Z] Received signal SIGHUP 1
